<?xml version="1.0" encoding="UTF-8"?>
<!-- Generated by org.testng.reporters.JUnitReportReporter -->
<testsuite hostname="Sunithas-MacBook-Pro.local" name="eu.restcountries.restservices.test.CountryApiGETTestUsingDataDriven" tests="6" failures="0" timestamp="7 May 2020 07:51:24 GMT" time="2.075" errors="0">
  <testcase name="testGetWithDataDriven" time="0.235" classname="eu.restcountries.restservices.test.CountryApiGETTestUsingDataDriven"/>
  <testcase name="testGetWithDataDriven" time="0.251" classname="eu.restcountries.restservices.test.CountryApiGETTestUsingDataDriven"/>
  <testcase name="testGetWithDataDriven" time="0.233" classname="eu.restcountries.restservices.test.CountryApiGETTestUsingDataDriven"/>
  <testcase name="testGetWithDataDriven" time="0.239" classname="eu.restcountries.restservices.test.CountryApiGETTestUsingDataDriven"/>
  <testcase name="testGetWithDataDriven" time="0.239" classname="eu.restcountries.restservices.test.CountryApiGETTestUsingDataDriven"/>
  <testcase name="testGetWithDataDriven" time="0.878" classname="eu.restcountries.restservices.test.CountryApiGETTestUsingDataDriven"/>
</testsuite> <!-- eu.restcountries.restservices.test.CountryApiGETTestUsingDataDriven -->
