<?xml version="1.0" encoding="UTF-8"?>
<!-- Generated by org.testng.reporters.JUnitReportReporter -->
<testsuite hostname="Sunithas-MacBook-Pro.local" name="eu.restcountries.restservices.test.CountryApiGETTest" tests="1" failures="0" timestamp="7 May 2020 02:13:23 GMT" time="1.257" errors="0">
  <testcase name="testWithSuccessdata" time="1.257" classname="eu.restcountries.restservices.test.CountryApiGETTest"/>
</testsuite> <!-- eu.restcountries.restservices.test.CountryApiGETTest -->
