<?xml version="1.0" encoding="UTF-8"?>
<!-- Generated by org.testng.reporters.JUnitReportReporter -->
<testsuite hostname="Sunithas-MacBook-Pro.local" name="eu.restcountries.restservices.test.CountryApiGETTest2" tests="1" failures="0" timestamp="7 May 2020 05:00:42 GMT" time="1.197" errors="0">
  <testcase name="testWithSuccessdata" time="1.197" classname="eu.restcountries.restservices.test.CountryApiGETTest2"/>
</testsuite> <!-- eu.restcountries.restservices.test.CountryApiGETTest2 -->
